INFO:root:Started
INFO:root:DeepAutoEncoder(
  (encoder): Sequential(
    (0): Linear(in_features=784, out_features=128, bias=True)
    (1): ReLU(inplace=True)
    (2): Linear(in_features=128, out_features=64, bias=True)
    (3): ReLU(inplace=True)
    (4): Linear(in_features=64, out_features=32, bias=True)
    (5): ReLU(inplace=True)
  )
  (decoder): Sequential(
    (0): Linear(in_features=32, out_features=64, bias=True)
    (1): ReLU(inplace=True)
    (2): Linear(in_features=64, out_features=128, bias=True)
    (3): ReLU(inplace=True)
    (4): Linear(in_features=128, out_features=784, bias=True)
  )
)
INFO:root:Epoch: 1 	 train_loss: 0.027821 	 val_loss: 0.027524
INFO:root:Epoch: 2 	 train_loss: 0.024782 	 val_loss: 0.024536
INFO:root:Epoch: 3 	 train_loss: 0.021839 	 val_loss: 0.021601
INFO:root:Epoch: 4 	 train_loss: 0.020498 	 val_loss: 0.020271
INFO:root:Epoch: 5 	 train_loss: 0.019745 	 val_loss: 0.019523
INFO:root:Epoch: 6 	 train_loss: 0.019133 	 val_loss: 0.018913
INFO:root:Epoch: 7 	 train_loss: 0.018887 	 val_loss: 0.018671
INFO:root:Epoch: 8 	 train_loss: 0.018506 	 val_loss: 0.018296
INFO:root:Epoch: 9 	 train_loss: 0.018305 	 val_loss: 0.018106
INFO:root:Epoch: 10 	 train_loss: 0.018146 	 val_loss: 0.017961
INFO:root:Epoch: 11 	 train_loss: 0.017971 	 val_loss: 0.017791
INFO:root:Epoch: 12 	 train_loss: 0.017837 	 val_loss: 0.017663
INFO:root:Epoch: 13 	 train_loss: 0.017708 	 val_loss: 0.017545
INFO:root:Epoch: 14 	 train_loss: 0.017702 	 val_loss: 0.017551
INFO:root:Epoch: 15 	 train_loss: 0.017739 	 val_loss: 0.017596
INFO:root:Epoch: 16 	 train_loss: 0.017638 	 val_loss: 0.017506
INFO:root:Epoch: 17 	 train_loss: 0.017531 	 val_loss: 0.017406
INFO:root:Epoch: 18 	 train_loss: 0.017414 	 val_loss: 0.017290
INFO:root:Epoch: 19 	 train_loss: 0.017248 	 val_loss: 0.017126
INFO:root:Epoch: 20 	 train_loss: 0.017111 	 val_loss: 0.016989
INFO:root:Epoch: 21 	 train_loss: 0.017013 	 val_loss: 0.016891
INFO:root:Epoch: 22 	 train_loss: 0.016988 	 val_loss: 0.016870
INFO:root:Epoch: 23 	 train_loss: 0.016838 	 val_loss: 0.016720
INFO:root:Epoch: 24 	 train_loss: 0.016671 	 val_loss: 0.016546
INFO:root:Epoch: 25 	 train_loss: 0.016579 	 val_loss: 0.016454
INFO:root:Epoch: 26 	 train_loss: 0.016513 	 val_loss: 0.016387
INFO:root:Epoch: 27 	 train_loss: 0.016411 	 val_loss: 0.016281
INFO:root:Epoch: 28 	 train_loss: 0.016376 	 val_loss: 0.016246
INFO:root:Epoch: 29 	 train_loss: 0.016277 	 val_loss: 0.016147
INFO:root:Epoch: 30 	 train_loss: 0.016254 	 val_loss: 0.016127
INFO:root:Epoch: 31 	 train_loss: 0.016190 	 val_loss: 0.016065
INFO:root:Epoch: 32 	 train_loss: 0.016168 	 val_loss: 0.016046
INFO:root:Epoch: 33 	 train_loss: 0.016016 	 val_loss: 0.015895
INFO:root:Epoch: 34 	 train_loss: 0.015907 	 val_loss: 0.015785
INFO:root:Epoch: 35 	 train_loss: 0.015875 	 val_loss: 0.015756
INFO:root:Epoch: 36 	 train_loss: 0.015771 	 val_loss: 0.015653
INFO:root:Epoch: 37 	 train_loss: 0.015746 	 val_loss: 0.015628
INFO:root:Epoch: 38 	 train_loss: 0.015697 	 val_loss: 0.015579
INFO:root:Epoch: 39 	 train_loss: 0.015645 	 val_loss: 0.015530
INFO:root:Epoch: 40 	 train_loss: 0.015590 	 val_loss: 0.015479
INFO:root:Epoch: 41 	 train_loss: 0.015562 	 val_loss: 0.015454
INFO:root:Epoch: 42 	 train_loss: 0.015604 	 val_loss: 0.015499
INFO:root:Epoch: 43 	 train_loss: 0.015587 	 val_loss: 0.015482
INFO:root:Epoch: 44 	 train_loss: 0.015569 	 val_loss: 0.015467
INFO:root:Epoch: 45 	 train_loss: 0.015507 	 val_loss: 0.015407
INFO:root:Epoch: 46 	 train_loss: 0.015526 	 val_loss: 0.015428
INFO:root:Epoch: 47 	 train_loss: 0.015448 	 val_loss: 0.015353
INFO:root:Epoch: 48 	 train_loss: 0.015421 	 val_loss: 0.015329
INFO:root:Epoch: 49 	 train_loss: 0.015444 	 val_loss: 0.015353
INFO:root:Epoch: 50 	 train_loss: 0.015361 	 val_loss: 0.015271
INFO:root:Epoch: 51 	 train_loss: 0.015338 	 val_loss: 0.015250
INFO:root:Epoch: 52 	 train_loss: 0.015331 	 val_loss: 0.015248
INFO:root:Epoch: 53 	 train_loss: 0.015319 	 val_loss: 0.015238
INFO:root:Epoch: 54 	 train_loss: 0.015268 	 val_loss: 0.015187
INFO:root:Epoch: 55 	 train_loss: 0.015224 	 val_loss: 0.015146
INFO:root:Epoch: 56 	 train_loss: 0.015184 	 val_loss: 0.015106
INFO:root:Epoch: 57 	 train_loss: 0.015157 	 val_loss: 0.015082
INFO:root:Epoch: 58 	 train_loss: 0.015135 	 val_loss: 0.015057
INFO:root:Epoch: 59 	 train_loss: 0.015062 	 val_loss: 0.014985
INFO:root:Epoch: 60 	 train_loss: 0.015001 	 val_loss: 0.014925
INFO:root:Epoch: 61 	 train_loss: 0.014968 	 val_loss: 0.014892
INFO:root:Epoch: 62 	 train_loss: 0.014972 	 val_loss: 0.014897
INFO:root:Epoch: 63 	 train_loss: 0.014930 	 val_loss: 0.014857
INFO:root:Epoch: 64 	 train_loss: 0.014897 	 val_loss: 0.014826
INFO:root:Epoch: 65 	 train_loss: 0.014888 	 val_loss: 0.014820
INFO:root:Epoch: 66 	 train_loss: 0.014901 	 val_loss: 0.014832
INFO:root:Epoch: 67 	 train_loss: 0.014899 	 val_loss: 0.014835
INFO:root:Epoch: 68 	 train_loss: 0.014932 	 val_loss: 0.014869
INFO:root:Epoch: 69 	 train_loss: 0.014944 	 val_loss: 0.014878
INFO:root:Epoch: 70 	 train_loss: 0.014913 	 val_loss: 0.014845
INFO:root:Epoch: 71 	 train_loss: 0.014902 	 val_loss: 0.014839
INFO:root:Epoch: 72 	 train_loss: 0.014933 	 val_loss: 0.014871
INFO:root:Epoch: 73 	 train_loss: 0.014945 	 val_loss: 0.014881
INFO:root:Epoch: 74 	 train_loss: 0.014896 	 val_loss: 0.014834
INFO:root:Epoch: 75 	 train_loss: 0.014894 	 val_loss: 0.014835
INFO:root:Epoch: 76 	 train_loss: 0.014891 	 val_loss: 0.014837
INFO:root:Epoch: 77 	 train_loss: 0.014854 	 val_loss: 0.014799
INFO:root:Epoch: 78 	 train_loss: 0.014859 	 val_loss: 0.014808
INFO:root:Epoch: 79 	 train_loss: 0.014847 	 val_loss: 0.014799
INFO:root:Epoch: 80 	 train_loss: 0.014841 	 val_loss: 0.014795
INFO:root:Epoch: 81 	 train_loss: 0.014823 	 val_loss: 0.014776
INFO:root:Epoch: 82 	 train_loss: 0.014866 	 val_loss: 0.014821
INFO:root:Epoch: 83 	 train_loss: 0.014815 	 val_loss: 0.014769
INFO:root:Epoch: 84 	 train_loss: 0.014826 	 val_loss: 0.014783
INFO:root:Epoch: 85 	 train_loss: 0.014810 	 val_loss: 0.014767
INFO:root:Epoch: 86 	 train_loss: 0.014789 	 val_loss: 0.014742
INFO:root:Epoch: 87 	 train_loss: 0.014729 	 val_loss: 0.014680
INFO:root:Epoch: 88 	 train_loss: 0.014689 	 val_loss: 0.014642
INFO:root:Epoch: 89 	 train_loss: 0.014684 	 val_loss: 0.014639
INFO:root:Epoch: 90 	 train_loss: 0.014688 	 val_loss: 0.014647
INFO:root:Epoch: 91 	 train_loss: 0.014637 	 val_loss: 0.014594
INFO:root:Epoch: 92 	 train_loss: 0.014615 	 val_loss: 0.014575
INFO:root:Epoch: 93 	 train_loss: 0.014627 	 val_loss: 0.014587
INFO:root:Epoch: 94 	 train_loss: 0.014636 	 val_loss: 0.014600
INFO:root:Epoch: 95 	 train_loss: 0.014678 	 val_loss: 0.014643
INFO:root:Epoch: 96 	 train_loss: 0.014601 	 val_loss: 0.014560
INFO:root:Epoch: 97 	 train_loss: 0.014614 	 val_loss: 0.014578
INFO:root:Epoch: 98 	 train_loss: 0.014579 	 val_loss: 0.014540
INFO:root:Epoch: 99 	 train_loss: 0.014555 	 val_loss: 0.014518
INFO:root:Epoch: 100 	 train_loss: 0.014609 	 val_loss: 0.014573
